Using pre-set license
Built from '2020.3/staging' branch; Version is '2020.3.18f1 (a7d1c678663c) revision 10998214'; Using compiler version '192528614'; Build Type 'Release'
OS: 'Windows 10 Pro; OS build 19043.1466; Version 2009; 64bit' Language: 'ru' Physical Memory: 16270 MB
BatchMode: 1, IsHumanControllingUs: 0, StartBugReporterOnCrash: 0, Is64bit: 1, IsPro: 0

COMMAND LINE ARGUMENTS:
C:\Program Files\2020.3.18f1\Editor\Unity.exe
-adb2
-batchMode
-noUpm
-name
AssetImportWorker0
-projectPath
C:/Users/makcn/Desktop/Pr/Gen/2/NNGen
-logFile
Logs/AssetImportWorker0.log
-srvPort
27316
Successfully changed project path to: C:/Users/makcn/Desktop/Pr/Gen/2/NNGen
C:/Users/makcn/Desktop/Pr/Gen/2/NNGen
Using Asset Import Pipeline V2.
Refreshing native plugins compatible for Editor in 63.55 ms, found 3 plugins.
Preloading 0 native plugins for Editor in 0.00 ms.
Initialize engine version: 2020.3.18f1 (a7d1c678663c)
[Subsystems] Discovering subsystems at path C:/Program Files/2020.3.18f1/Editor/Data/Resources/UnitySubsystems
[Subsystems] Discovering subsystems at path C:/Users/makcn/Desktop/Pr/Gen/2/NNGen/Assets
GfxDevice: creating device client; threaded=0
Direct3D:
    Version:  Direct3D 11.0 [level 11.0]
    Renderer: NVIDIA GeForce MX110 (ID=0x174e)
    Vendor:   
    VRAM:     2010 MB
    Driver:   27.21.14.6280
Initialize mono
Mono path[0] = 'C:/Program Files/2020.3.18f1/Editor/Data/Managed'
Mono path[1] = 'C:/Program Files/2020.3.18f1/Editor/Data/MonoBleedingEdge/lib/mono/unityjit'
Mono config path = 'C:/Program Files/2020.3.18f1/Editor/Data/MonoBleedingEdge/etc'
Using monoOptions --debugger-agent=transport=dt_socket,embedding=1,server=y,suspend=n,address=127.0.0.1:56004
Begin MonoManager ReloadAssembly
Registering precompiled unity dll's ...
Register platform support module: C:/Program Files/2020.3.18f1/Editor/Data/PlaybackEngines/WindowsStandaloneSupport/UnityEditor.WindowsStandalone.Extensions.dll
Registered in 0.003283 seconds.
Native extension for WindowsStandalone target not found
Refreshing native plugins compatible for Editor in 77.31 ms, found 3 plugins.
Preloading 0 native plugins for Editor in 0.00 ms.
Mono: successfully reloaded assembly
- Completed reload, in  3.984 seconds
Domain Reload Profiling:
	ReloadAssembly (3984ms)
		BeginReloadAssembly (106ms)
			ExecutionOrderSort (0ms)
			DisableScriptedObjects (0ms)
			BackupInstance (0ms)
			ReleaseScriptingObjects (0ms)
			CreateAndSetChildDomain (2ms)
		EndReloadAssembly (1246ms)
			LoadAssemblies (101ms)
			RebuildTransferFunctionScriptingTraits (0ms)
			SetupTypeCache (418ms)
			ReleaseScriptCaches (0ms)
			RebuildScriptCaches (58ms)
			SetupLoadedEditorAssemblies (621ms)
				LogAssemblyErrors (0ms)
				InitializePlatformSupportModulesInManaged (8ms)
				SetLoadedEditorAssemblies (0ms)
				RefreshPlugins (77ms)
				BeforeProcessingInitializeOnLoad (40ms)
				ProcessInitializeOnLoadAttributes (418ms)
				ProcessInitializeOnLoadMethodAttributes (77ms)
				AfterProcessingInitializeOnLoad (0ms)
				EditorAssembliesLoaded (1ms)
			ExecutionOrderSort2 (0ms)
			AwakeInstancesAfterBackupRestoration (0ms)
Platform modules already initialized, skipping
Registering precompiled user dll's ...
Registered in 0.017442 seconds.
Begin MonoManager ReloadAssembly
Native extension for WindowsStandalone target not found
Refreshing native plugins compatible for Editor in 67.73 ms, found 3 plugins.
Preloading 0 native plugins for Editor in 0.00 ms.
Mono: successfully reloaded assembly
- Completed reload, in  2.343 seconds
Domain Reload Profiling:
	ReloadAssembly (2345ms)
		BeginReloadAssembly (526ms)
			ExecutionOrderSort (0ms)
			DisableScriptedObjects (8ms)
			BackupInstance (0ms)
			ReleaseScriptingObjects (0ms)
			CreateAndSetChildDomain (74ms)
		EndReloadAssembly (1674ms)
			LoadAssemblies (327ms)
			RebuildTransferFunctionScriptingTraits (0ms)
			SetupTypeCache (567ms)
			ReleaseScriptCaches (2ms)
			RebuildScriptCaches (92ms)
			SetupLoadedEditorAssemblies (584ms)
				LogAssemblyErrors (0ms)
				InitializePlatformSupportModulesInManaged (6ms)
				SetLoadedEditorAssemblies (1ms)
				RefreshPlugins (68ms)
				BeforeProcessingInitializeOnLoad (122ms)
				ProcessInitializeOnLoadAttributes (352ms)
				ProcessInitializeOnLoadMethodAttributes (27ms)
				AfterProcessingInitializeOnLoad (10ms)
				EditorAssembliesLoaded (0ms)
			ExecutionOrderSort2 (0ms)
			AwakeInstancesAfterBackupRestoration (15ms)
Platform modules already initialized, skipping
========================================================================
Worker process is ready to serve import requests
Launched and connected shader compiler UnityShaderCompiler.exe after 0.09 seconds
Refreshing native plugins compatible for Editor in 0.63 ms, found 3 plugins.
Preloading 0 native plugins for Editor in 0.00 ms.
Unloading 2090 Unused Serialized files (Serialized files now loaded: 0)
System memory in use before: 93.0 MB.
System memory in use after: 93.1 MB.

Unloading 26 unused Assets to reduce memory usage. Loaded Objects now: 2529.
Total: 5.415000 ms (FindLiveObjects: 0.394400 ms CreateObjectMapping: 0.201600 ms MarkObjects: 4.574600 ms  DeleteObjects: 0.241300 ms)

AssetImportParameters requested are different than current active one (requested -> active):
  custom:framework-win-MediaFoundation: 216162199b28c13a410421893ffa2e32 -> 
  custom:video-decoder-ogg-theora: a1e56fd34408186e4bbccfd4996cb3dc -> 
  custom:container-muxer-webm: aa71ff27fc2769a1b78a27578f13a17b -> 
  custom:container-demuxer-webm: 4f35f7cbe854078d1ac9338744f61a02 -> 
  custom:container-demuxer-ogg: 62fdf1f143b41e24485cea50d1cbac27 -> 
  custom:video-encoder-webm-vp8: eb34c28f22e8b96e1ab97ce403110664 -> 
  custom:video-decoder-webm-vp8: 9c59270c3fd7afecdb556c50c9e8de78 -> 
  custom:audio-decoder-ogg-vorbis: bf7c407c2cedff20999df2af8eb42d56 -> 
  custom:audio-encoder-webm-vorbis: bf7c407c2cedff20999df2af8eb42d56 -> 
========================================================================
Received Import Request.
  path: Assets/m1.png
  artifactKey: Guid(eaafc4ee7e6992645919db420a71a444) Importer(815301076,1909f56bfc062723c751e8b465ee728b)
Start importing Assets/m1.png using Guid(eaafc4ee7e6992645919db420a71a444) Importer(815301076,1909f56bfc062723c751e8b465ee728b)  -> (artifact id: '2a9ab84b58ade53d124d5b66a0218019') in 0.213528 seconds 
  Import took 0.219742 seconds .

========================================================================
Received Import Request.
  Time since last request: 47.423021 seconds.
  path: Assets
  artifactKey: Guid(00000000000000001000000000000000) Importer(815301076,1909f56bfc062723c751e8b465ee728b)
Start importing Assets using Guid(00000000000000001000000000000000) Importer(815301076,1909f56bfc062723c751e8b465ee728b)  -> (artifact id: '42d402b061de3733987d63b9cc3b64de') in 0.003963 seconds 
  Import took 0.008729 seconds .

========================================================================
Received Import Request.
  Time since last request: 4.935211 seconds.
  path: Assets/Sprites
  artifactKey: Guid(d0f6022643712f44a9f0c8c04eeb885c) Importer(815301076,1909f56bfc062723c751e8b465ee728b)
Start importing Assets/Sprites using Guid(d0f6022643712f44a9f0c8c04eeb885c) Importer(815301076,1909f56bfc062723c751e8b465ee728b)  -> (artifact id: '62f1f4a53b3a73d7bc995c0189a0e3fd') in 0.004005 seconds 
  Import took 0.008047 seconds .

========================================================================
Received Import Request.
  Time since last request: 0.011956 seconds.
  path: Assets/Sprites
  artifactKey: Guid(d0f6022643712f44a9f0c8c04eeb885c) Importer(815301076,1909f56bfc062723c751e8b465ee728b)
Start importing Assets/Sprites using Guid(d0f6022643712f44a9f0c8c04eeb885c) Importer(815301076,1909f56bfc062723c751e8b465ee728b)  -> (artifact id: '62f1f4a53b3a73d7bc995c0189a0e3fd') in 0.003423 seconds 
  Import took 0.007457 seconds .

========================================================================
Received Import Request.
  Time since last request: 6.299134 seconds.
  path: Assets/Prefabs
  artifactKey: Guid(8ddf2c9657ea0c84289142c46eaaa398) Importer(815301076,1909f56bfc062723c751e8b465ee728b)
Start importing Assets/Prefabs using Guid(8ddf2c9657ea0c84289142c46eaaa398) Importer(815301076,1909f56bfc062723c751e8b465ee728b)  -> (artifact id: '926a5e1e6a4065e1b8f8acd97f1e5bec') in 0.008762 seconds 
  Import took 0.013525 seconds .

========================================================================
Received Import Request.
  Time since last request: 1.968916 seconds.
  path: Assets/Prefabs/T1.prefab
  artifactKey: Guid(5640f62306dde2f44a97313a6b5a8534) Importer(815301076,1909f56bfc062723c751e8b465ee728b)
Start importing Assets/Prefabs/T1.prefab using Guid(5640f62306dde2f44a97313a6b5a8534) Importer(815301076,1909f56bfc062723c751e8b465ee728b)  -> (artifact id: '377d6fe1810fe67d947f4fc1949c7b4d') in 0.054657 seconds 
  Import took 0.058435 seconds .

========================================================================
Received Import Request.
  Time since last request: 0.009916 seconds.
  path: Assets/Prefabs/T1.prefab
  artifactKey: Guid(5640f62306dde2f44a97313a6b5a8534) Importer(815301076,1909f56bfc062723c751e8b465ee728b)
Start importing Assets/Prefabs/T1.prefab using Guid(5640f62306dde2f44a97313a6b5a8534) Importer(815301076,1909f56bfc062723c751e8b465ee728b)  -> (artifact id: '377d6fe1810fe67d947f4fc1949c7b4d') in 0.011543 seconds 
  Import took 0.017032 seconds .

========================================================================
Received Import Request.
  Time since last request: 2764.837220 seconds.
  path: Assets/New Folder
  artifactKey: Guid(c921f775b726314429c808bd684e7a3e) Importer(815301076,1909f56bfc062723c751e8b465ee728b)
Start importing Assets/New Folder using Guid(c921f775b726314429c808bd684e7a3e) Importer(815301076,1909f56bfc062723c751e8b465ee728b)  -> (artifact id: 'c58a456e698d8be0e052877c0a219f24') in 0.009333 seconds 
  Import took 0.017907 seconds .

========================================================================
Received Import Request.
  Time since last request: 0.001570 seconds.
  path: Assets/New Folder
  artifactKey: Guid(c921f775b726314429c808bd684e7a3e) Importer(815301076,1909f56bfc062723c751e8b465ee728b)
Start importing Assets/New Folder using Guid(c921f775b726314429c808bd684e7a3e) Importer(815301076,1909f56bfc062723c751e8b465ee728b)  -> (artifact id: 'c58a456e698d8be0e052877c0a219f24') in 0.003031 seconds 
  Import took 0.007820 seconds .

========================================================================
Received Import Request.
  Time since last request: 5.144924 seconds.
  path: Assets/Scripts
  artifactKey: Guid(c921f775b726314429c808bd684e7a3e) Importer(815301076,1909f56bfc062723c751e8b465ee728b)
Start importing Assets/Scripts using Guid(c921f775b726314429c808bd684e7a3e) Importer(815301076,1909f56bfc062723c751e8b465ee728b)  -> (artifact id: 'b00af6bdaba9b96a766f5bc99dfd5724') in 0.009063 seconds 
  Import took 0.013492 seconds .

========================================================================
Received Prepare
Registering precompiled user dll's ...
Registered in 0.003564 seconds.
Begin MonoManager ReloadAssembly
Native extension for WindowsStandalone target not found
Refreshing native plugins compatible for Editor in 0.52 ms, found 3 plugins.
Preloading 0 native plugins for Editor in 0.00 ms.
Mono: successfully reloaded assembly
- Completed reload, in  1.556 seconds
Domain Reload Profiling:
	ReloadAssembly (1557ms)
		BeginReloadAssembly (187ms)
			ExecutionOrderSort (0ms)
			DisableScriptedObjects (8ms)
			BackupInstance (0ms)
			ReleaseScriptingObjects (0ms)
			CreateAndSetChildDomain (60ms)
		EndReloadAssembly (1265ms)
			LoadAssemblies (144ms)
			RebuildTransferFunctionScriptingTraits (0ms)
			SetupTypeCache (412ms)
			ReleaseScriptCaches (2ms)
			RebuildScriptCaches (78ms)
			SetupLoadedEditorAssemblies (465ms)
				LogAssemblyErrors (0ms)
				InitializePlatformSupportModulesInManaged (6ms)
				SetLoadedEditorAssemblies (1ms)
				RefreshPlugins (1ms)
				BeforeProcessingInitializeOnLoad (131ms)
				ProcessInitializeOnLoadAttributes (310ms)
				ProcessInitializeOnLoadMethodAttributes (9ms)
				AfterProcessingInitializeOnLoad (8ms)
				EditorAssembliesLoaded (0ms)
			ExecutionOrderSort2 (0ms)
			AwakeInstancesAfterBackupRestoration (15ms)
Platform modules already initialized, skipping
Refreshing native plugins compatible for Editor in 0.72 ms, found 3 plugins.
Preloading 0 native plugins for Editor in 0.00 ms.
Unloading 2081 Unused Serialized files (Serialized files now loaded: 0)
System memory in use before: 95.5 MB.
System memory in use after: 95.6 MB.

Unloading 14 unused Assets to reduce memory usage. Loaded Objects now: 2543.
Total: 4.437000 ms (FindLiveObjects: 0.397500 ms CreateObjectMapping: 0.260600 ms MarkObjects: 3.749800 ms  DeleteObjects: 0.027400 ms)

AssetImportParameters requested are different than current active one (requested -> active):
  custom:framework-win-MediaFoundation: 216162199b28c13a410421893ffa2e32 -> 
  custom:video-decoder-ogg-theora: a1e56fd34408186e4bbccfd4996cb3dc -> 
  custom:container-muxer-webm: aa71ff27fc2769a1b78a27578f13a17b -> 
  custom:container-demuxer-webm: 4f35f7cbe854078d1ac9338744f61a02 -> 
  custom:container-demuxer-ogg: 62fdf1f143b41e24485cea50d1cbac27 -> 
  custom:video-encoder-webm-vp8: eb34c28f22e8b96e1ab97ce403110664 -> 
  custom:video-decoder-webm-vp8: 9c59270c3fd7afecdb556c50c9e8de78 -> 
  custom:audio-decoder-ogg-vorbis: bf7c407c2cedff20999df2af8eb42d56 -> 
  custom:audio-encoder-webm-vorbis: bf7c407c2cedff20999df2af8eb42d56 -> 
========================================================================
Received Import Request.
  Time since last request: 36.636325 seconds.
  path: Assets/Scripts/FieldBehavior.cs
  artifactKey: Guid(a8b5551be664e7a4da8f4400020e222d) Importer(815301076,1909f56bfc062723c751e8b465ee728b)
Start importing Assets/Scripts/FieldBehavior.cs using Guid(a8b5551be664e7a4da8f4400020e222d) Importer(815301076,1909f56bfc062723c751e8b465ee728b)  -> (artifact id: '4aaead8156d2653f6b86e8f9c732b432') in 0.015045 seconds 
  Import took 0.018672 seconds .

========================================================================
Received Import Request.
  Time since last request: 44.355376 seconds.
  path: Assets/Scripts/FieldBehavior.cs
  artifactKey: Guid(a8b5551be664e7a4da8f4400020e222d) Importer(815301076,1909f56bfc062723c751e8b465ee728b)
Start importing Assets/Scripts/FieldBehavior.cs using Guid(a8b5551be664e7a4da8f4400020e222d) Importer(815301076,1909f56bfc062723c751e8b465ee728b)  -> (artifact id: 'ec4acdb0efc6f47d7f530137141cf8ae') in 0.004890 seconds 
  Import took 0.009355 seconds .

========================================================================
Received Prepare
Registering precompiled user dll's ...
Registered in 0.014158 seconds.
Begin MonoManager ReloadAssembly
Native extension for WindowsStandalone target not found
Refreshing native plugins compatible for Editor in 0.64 ms, found 3 plugins.
Preloading 0 native plugins for Editor in 0.00 ms.
Mono: successfully reloaded assembly
- Completed reload, in  2.819 seconds
Domain Reload Profiling:
	ReloadAssembly (2820ms)
		BeginReloadAssembly (433ms)
			ExecutionOrderSort (0ms)
			DisableScriptedObjects (14ms)
			BackupInstance (0ms)
			ReleaseScriptingObjects (0ms)
			CreateAndSetChildDomain (182ms)
		EndReloadAssembly (2144ms)
			LoadAssemblies (304ms)
			RebuildTransferFunctionScriptingTraits (0ms)
			SetupTypeCache (934ms)
			ReleaseScriptCaches (2ms)
			RebuildScriptCaches (88ms)
			SetupLoadedEditorAssemblies (642ms)
				LogAssemblyErrors (0ms)
				InitializePlatformSupportModulesInManaged (11ms)
				SetLoadedEditorAssemblies (1ms)
				RefreshPlugins (1ms)
				BeforeProcessingInitializeOnLoad (154ms)
				ProcessInitializeOnLoadAttributes (449ms)
				ProcessInitializeOnLoadMethodAttributes (13ms)
				AfterProcessingInitializeOnLoad (13ms)
				EditorAssembliesLoaded (0ms)
			ExecutionOrderSort2 (0ms)
			AwakeInstancesAfterBackupRestoration (22ms)
Platform modules already initialized, skipping
Refreshing native plugins compatible for Editor in 0.91 ms, found 3 plugins.
Preloading 0 native plugins for Editor in 0.00 ms.
Unloading 2081 Unused Serialized files (Serialized files now loaded: 0)
System memory in use before: 95.5 MB.
System memory in use after: 95.6 MB.

Unloading 14 unused Assets to reduce memory usage. Loaded Objects now: 2546.
Total: 4.849300 ms (FindLiveObjects: 0.250100 ms CreateObjectMapping: 0.127800 ms MarkObjects: 4.438800 ms  DeleteObjects: 0.030600 ms)

AssetImportParameters requested are different than current active one (requested -> active):
  custom:framework-win-MediaFoundation: 216162199b28c13a410421893ffa2e32 -> 
  custom:video-decoder-ogg-theora: a1e56fd34408186e4bbccfd4996cb3dc -> 
  custom:container-muxer-webm: aa71ff27fc2769a1b78a27578f13a17b -> 
  custom:container-demuxer-webm: 4f35f7cbe854078d1ac9338744f61a02 -> 
  custom:container-demuxer-ogg: 62fdf1f143b41e24485cea50d1cbac27 -> 
  custom:video-encoder-webm-vp8: eb34c28f22e8b96e1ab97ce403110664 -> 
  custom:video-decoder-webm-vp8: 9c59270c3fd7afecdb556c50c9e8de78 -> 
  custom:audio-decoder-ogg-vorbis: bf7c407c2cedff20999df2af8eb42d56 -> 
  custom:audio-encoder-webm-vorbis: bf7c407c2cedff20999df2af8eb42d56 -> 
========================================================================
Received Import Request.
  Time since last request: 16.221808 seconds.
  path: Assets/Scripts/G
  artifactKey: Guid(24f4f789f24069847b7f2eb32c16d6e0) Importer(815301076,1909f56bfc062723c751e8b465ee728b)
Start importing Assets/Scripts/G using Guid(24f4f789f24069847b7f2eb32c16d6e0) Importer(815301076,1909f56bfc062723c751e8b465ee728b)  -> (artifact id: 'a82d06a4c001377f33bd3df2e9ef4d42') in 0.017584 seconds 
  Import took 0.023778 seconds .

========================================================================
Received Import Request.
  Time since last request: 7.259638 seconds.
  path: Assets/Scripts/Genome.cs
  artifactKey: Guid(5e54bb902b583c04e976dba2efeb4778) Importer(815301076,1909f56bfc062723c751e8b465ee728b)
Start importing Assets/Scripts/Genome.cs using Guid(5e54bb902b583c04e976dba2efeb4778) Importer(815301076,1909f56bfc062723c751e8b465ee728b)  -> (artifact id: 'edf0495092084d911dc9d45de3188437') in 0.011584 seconds 
  Import took 0.015827 seconds .

========================================================================
Received Prepare
Registering precompiled user dll's ...
Registered in 0.003772 seconds.
Begin MonoManager ReloadAssembly
Native extension for WindowsStandalone target not found
Refreshing native plugins compatible for Editor in 0.55 ms, found 3 plugins.
Preloading 0 native plugins for Editor in 0.00 ms.
Mono: successfully reloaded assembly
- Completed reload, in  1.961 seconds
Domain Reload Profiling:
	ReloadAssembly (1961ms)
		BeginReloadAssembly (233ms)
			ExecutionOrderSort (0ms)
			DisableScriptedObjects (10ms)
			BackupInstance (0ms)
			ReleaseScriptingObjects (0ms)
			CreateAndSetChildDomain (56ms)
		EndReloadAssembly (1570ms)
			LoadAssemblies (229ms)
			RebuildTransferFunctionScriptingTraits (0ms)
			SetupTypeCache (680ms)
			ReleaseScriptCaches (2ms)
			RebuildScriptCaches (100ms)
			SetupLoadedEditorAssemblies (452ms)
				LogAssemblyErrors (0ms)
				InitializePlatformSupportModulesInManaged (7ms)
				SetLoadedEditorAssemblies (1ms)
				RefreshPlugins (1ms)
				BeforeProcessingInitializeOnLoad (122ms)
				ProcessInitializeOnLoadAttributes (303ms)
				ProcessInitializeOnLoadMethodAttributes (10ms)
				AfterProcessingInitializeOnLoad (9ms)
				EditorAssembliesLoaded (0ms)
			ExecutionOrderSort2 (0ms)
			AwakeInstancesAfterBackupRestoration (16ms)
Platform modules already initialized, skipping
Refreshing native plugins compatible for Editor in 0.95 ms, found 3 plugins.
Preloading 0 native plugins for Editor in 0.00 ms.
Unloading 2082 Unused Serialized files (Serialized files now loaded: 0)
System memory in use before: 95.6 MB.
System memory in use after: 95.7 MB.

Unloading 14 unused Assets to reduce memory usage. Loaded Objects now: 2550.
Total: 5.201900 ms (FindLiveObjects: 0.263100 ms CreateObjectMapping: 0.144300 ms MarkObjects: 4.749900 ms  DeleteObjects: 0.042500 ms)

AssetImportParameters requested are different than current active one (requested -> active):
  custom:framework-win-MediaFoundation: 216162199b28c13a410421893ffa2e32 -> 
  custom:video-decoder-ogg-theora: a1e56fd34408186e4bbccfd4996cb3dc -> 
  custom:container-muxer-webm: aa71ff27fc2769a1b78a27578f13a17b -> 
  custom:container-demuxer-webm: 4f35f7cbe854078d1ac9338744f61a02 -> 
  custom:container-demuxer-ogg: 62fdf1f143b41e24485cea50d1cbac27 -> 
  custom:video-encoder-webm-vp8: eb34c28f22e8b96e1ab97ce403110664 -> 
  custom:video-decoder-webm-vp8: 9c59270c3fd7afecdb556c50c9e8de78 -> 
  custom:audio-decoder-ogg-vorbis: bf7c407c2cedff20999df2af8eb42d56 -> 
  custom:audio-encoder-webm-vorbis: bf7c407c2cedff20999df2af8eb42d56 -> 
========================================================================
Received Import Request.
  Time since last request: 11.949715 seconds.
  path: Assets/Scripts/Genome.cs
  artifactKey: Guid(5e54bb902b583c04e976dba2efeb4778) Importer(815301076,1909f56bfc062723c751e8b465ee728b)
Start importing Assets/Scripts/Genome.cs using Guid(5e54bb902b583c04e976dba2efeb4778) Importer(815301076,1909f56bfc062723c751e8b465ee728b)  -> (artifact id: '8c1df2c96d89aee8533c99a6b77e93c5') in 0.011796 seconds 
  Import took 0.016151 seconds .

========================================================================
Received Import Request.
  Time since last request: 0.032912 seconds.
  path: Assets/Scripts/Genome.cs
  artifactKey: Guid(5e54bb902b583c04e976dba2efeb4778) Importer(815301076,1909f56bfc062723c751e8b465ee728b)
Start importing Assets/Scripts/Genome.cs using Guid(5e54bb902b583c04e976dba2efeb4778) Importer(815301076,1909f56bfc062723c751e8b465ee728b)  -> (artifact id: '8c1df2c96d89aee8533c99a6b77e93c5') in 0.007561 seconds 
  Import took 0.011770 seconds .

========================================================================
Received Import Request.
  Time since last request: 115.194291 seconds.
  path: Assets/Scripts/NN.cs
  artifactKey: Guid(b30e742b884f4bf4abba3c9fff000c6b) Importer(815301076,1909f56bfc062723c751e8b465ee728b)
Start importing Assets/Scripts/NN.cs using Guid(b30e742b884f4bf4abba3c9fff000c6b) Importer(815301076,1909f56bfc062723c751e8b465ee728b)  -> (artifact id: '480fd323a656f8715e9940cad5abd145') in 0.010359 seconds 
  Import took 0.015193 seconds .

========================================================================
Received Import Request.
  Time since last request: 2.834373 seconds.
  path: Assets/Scripts/NN.cs
  artifactKey: Guid(b30e742b884f4bf4abba3c9fff000c6b) Importer(815301076,1909f56bfc062723c751e8b465ee728b)
Start importing Assets/Scripts/NN.cs using Guid(b30e742b884f4bf4abba3c9fff000c6b) Importer(815301076,1909f56bfc062723c751e8b465ee728b)  -> (artifact id: 'e4b09d0d0af1a633500707c3b7e279e3') in 0.006005 seconds 
  Import took 0.011551 seconds .

========================================================================
Received Import Request.
  Time since last request: 10.771432 seconds.
  path: Assets/Scripts/Layer.cs
  artifactKey: Guid(a79e8e521ed749240b8f43955401c6e5) Importer(815301076,1909f56bfc062723c751e8b465ee728b)
Start importing Assets/Scripts/Layer.cs using Guid(a79e8e521ed749240b8f43955401c6e5) Importer(815301076,1909f56bfc062723c751e8b465ee728b)  -> (artifact id: 'd875eac9db0294e8c233ecf0089addd2') in 0.014094 seconds 
  Import took 0.021877 seconds .

========================================================================
Received Import Request.
  Time since last request: 16.693233 seconds.
  path: Assets/Scripts/Layer.cs
  artifactKey: Guid(a79e8e521ed749240b8f43955401c6e5) Importer(815301076,1909f56bfc062723c751e8b465ee728b)
Start importing Assets/Scripts/Layer.cs using Guid(a79e8e521ed749240b8f43955401c6e5) Importer(815301076,1909f56bfc062723c751e8b465ee728b)  -> (artifact id: '1826d2e4af04028548ef67faff95b803') in 0.006350 seconds 
  Import took 0.012139 seconds .

========================================================================
Received Prepare
Registering precompiled user dll's ...
Registered in 0.003732 seconds.
Begin MonoManager ReloadAssembly
Native extension for WindowsStandalone target not found
Refreshing native plugins compatible for Editor in 0.52 ms, found 3 plugins.
Preloading 0 native plugins for Editor in 0.00 ms.
Mono: successfully reloaded assembly
- Completed reload, in  1.431 seconds
Domain Reload Profiling:
	ReloadAssembly (1432ms)
		BeginReloadAssembly (178ms)
			ExecutionOrderSort (0ms)
			DisableScriptedObjects (10ms)
			BackupInstance (0ms)
			ReleaseScriptingObjects (0ms)
			CreateAndSetChildDomain (59ms)
		EndReloadAssembly (1154ms)
			LoadAssemblies (150ms)
			RebuildTransferFunctionScriptingTraits (0ms)
			SetupTypeCache (418ms)
			ReleaseScriptCaches (1ms)
			RebuildScriptCaches (61ms)
			SetupLoadedEditorAssemblies (399ms)
				LogAssemblyErrors (0ms)
				InitializePlatformSupportModulesInManaged (8ms)
				SetLoadedEditorAssemblies (1ms)
				RefreshPlugins (1ms)
				BeforeProcessingInitializeOnLoad (112ms)
				ProcessInitializeOnLoadAttributes (263ms)
				ProcessInitializeOnLoadMethodAttributes (8ms)
				AfterProcessingInitializeOnLoad (7ms)
				EditorAssembliesLoaded (0ms)
			ExecutionOrderSort2 (0ms)
			AwakeInstancesAfterBackupRestoration (15ms)
Platform modules already initialized, skipping
Refreshing native plugins compatible for Editor in 1.29 ms, found 3 plugins.
Preloading 0 native plugins for Editor in 0.00 ms.
Unloading 2084 Unused Serialized files (Serialized files now loaded: 0)
System memory in use before: 95.6 MB.
System memory in use after: 95.8 MB.

Unloading 14 unused Assets to reduce memory usage. Loaded Objects now: 2555.
Total: 4.408100 ms (FindLiveObjects: 0.240400 ms CreateObjectMapping: 0.099800 ms MarkObjects: 4.042900 ms  DeleteObjects: 0.023400 ms)

AssetImportParameters requested are different than current active one (requested -> active):
  custom:framework-win-MediaFoundation: 216162199b28c13a410421893ffa2e32 -> 
  custom:video-decoder-ogg-theora: a1e56fd34408186e4bbccfd4996cb3dc -> 
  custom:container-muxer-webm: aa71ff27fc2769a1b78a27578f13a17b -> 
  custom:container-demuxer-webm: 4f35f7cbe854078d1ac9338744f61a02 -> 
  custom:container-demuxer-ogg: 62fdf1f143b41e24485cea50d1cbac27 -> 
  custom:video-encoder-webm-vp8: eb34c28f22e8b96e1ab97ce403110664 -> 
  custom:video-decoder-webm-vp8: 9c59270c3fd7afecdb556c50c9e8de78 -> 
  custom:audio-decoder-ogg-vorbis: bf7c407c2cedff20999df2af8eb42d56 -> 
  custom:audio-encoder-webm-vorbis: bf7c407c2cedff20999df2af8eb42d56 -> 
========================================================================
Received Prepare
Registering precompiled user dll's ...
Registered in 0.004253 seconds.
Begin MonoManager ReloadAssembly
Native extension for WindowsStandalone target not found
Refreshing native plugins compatible for Editor in 1.20 ms, found 3 plugins.
Preloading 0 native plugins for Editor in 0.00 ms.
Mono: successfully reloaded assembly
- Completed reload, in  2.783 seconds
Domain Reload Profiling:
	ReloadAssembly (2783ms)
		BeginReloadAssembly (314ms)
			ExecutionOrderSort (0ms)
			DisableScriptedObjects (9ms)
			BackupInstance (0ms)
			ReleaseScriptingObjects (0ms)
			CreateAndSetChildDomain (53ms)
		EndReloadAssembly (2229ms)
			LoadAssemblies (344ms)
			RebuildTransferFunctionScriptingTraits (0ms)
			SetupTypeCache (1060ms)
			ReleaseScriptCaches (1ms)
			RebuildScriptCaches (117ms)
			SetupLoadedEditorAssemblies (626ms)
				LogAssemblyErrors (0ms)
				InitializePlatformSupportModulesInManaged (8ms)
				SetLoadedEditorAssemblies (2ms)
				RefreshPlugins (2ms)
				BeforeProcessingInitializeOnLoad (189ms)
				ProcessInitializeOnLoadAttributes (404ms)
				ProcessInitializeOnLoadMethodAttributes (13ms)
				AfterProcessingInitializeOnLoad (9ms)
				EditorAssembliesLoaded (0ms)
			ExecutionOrderSort2 (0ms)
			AwakeInstancesAfterBackupRestoration (18ms)
Platform modules already initialized, skipping
Refreshing native plugins compatible for Editor in 1.98 ms, found 3 plugins.
Preloading 0 native plugins for Editor in 0.00 ms.
Unloading 2084 Unused Serialized files (Serialized files now loaded: 0)
System memory in use before: 95.6 MB.
System memory in use after: 95.8 MB.

Unloading 14 unused Assets to reduce memory usage. Loaded Objects now: 2558.
Total: 11.732500 ms (FindLiveObjects: 1.600000 ms CreateObjectMapping: 0.951400 ms MarkObjects: 9.141600 ms  DeleteObjects: 0.034400 ms)

AssetImportParameters requested are different than current active one (requested -> active):
  custom:framework-win-MediaFoundation: 216162199b28c13a410421893ffa2e32 -> 
  custom:video-decoder-ogg-theora: a1e56fd34408186e4bbccfd4996cb3dc -> 
  custom:container-muxer-webm: aa71ff27fc2769a1b78a27578f13a17b -> 
  custom:container-demuxer-webm: 4f35f7cbe854078d1ac9338744f61a02 -> 
  custom:container-demuxer-ogg: 62fdf1f143b41e24485cea50d1cbac27 -> 
  custom:video-encoder-webm-vp8: eb34c28f22e8b96e1ab97ce403110664 -> 
  custom:video-decoder-webm-vp8: 9c59270c3fd7afecdb556c50c9e8de78 -> 
  custom:audio-decoder-ogg-vorbis: bf7c407c2cedff20999df2af8eb42d56 -> 
  custom:audio-encoder-webm-vorbis: bf7c407c2cedff20999df2af8eb42d56 -> 
========================================================================
Received Import Request.
  Time since last request: 3228.319102 seconds.
  path: Assets/Sprites/food.png
  artifactKey: Guid(c93cc8ae737313049a5a3d9ef515c845) Importer(815301076,1909f56bfc062723c751e8b465ee728b)
Start importing Assets/Sprites/food.png using Guid(c93cc8ae737313049a5a3d9ef515c845) Importer(815301076,1909f56bfc062723c751e8b465ee728b)  -> (artifact id: '795f182744775b96523f50921cd1eb08') in 0.394411 seconds 
  Import took 0.640902 seconds .

========================================================================
Received Import Request.
  Time since last request: 3.434932 seconds.
  path: Assets/Prefabs/food.prefab
  artifactKey: Guid(22530f5db7c2093418468e61726e5f61) Importer(815301076,1909f56bfc062723c751e8b465ee728b)
Start importing Assets/Prefabs/food.prefab using Guid(22530f5db7c2093418468e61726e5f61) Importer(815301076,1909f56bfc062723c751e8b465ee728b)  -> (artifact id: '84c83e3a274e2cd4708532bacedc2d53') in 0.026124 seconds 
  Import took 0.035983 seconds .

========================================================================
Received Import Request.
  Time since last request: 5.947131 seconds.
  path: Assets/Prefabs/food.prefab
  artifactKey: Guid(22530f5db7c2093418468e61726e5f61) Importer(815301076,1909f56bfc062723c751e8b465ee728b)
Start importing Assets/Prefabs/food.prefab using Guid(22530f5db7c2093418468e61726e5f61) Importer(815301076,1909f56bfc062723c751e8b465ee728b)  -> (artifact id: '299a2565326813f9ecbe8a2f983db667') in 0.105905 seconds 
  Import took 0.116695 seconds .

========================================================================
Received Prepare
Registering precompiled user dll's ...
Registered in 0.007168 seconds.
Begin MonoManager ReloadAssembly
Native extension for WindowsStandalone target not found
Refreshing native plugins compatible for Editor in 0.84 ms, found 3 plugins.
Preloading 0 native plugins for Editor in 0.00 ms.
Mono: successfully reloaded assembly
- Completed reload, in  3.113 seconds
Domain Reload Profiling:
	ReloadAssembly (3114ms)
		BeginReloadAssembly (396ms)
			ExecutionOrderSort (0ms)
			DisableScriptedObjects (23ms)
			BackupInstance (0ms)
			ReleaseScriptingObjects (0ms)
			CreateAndSetChildDomain (174ms)
		EndReloadAssembly (2350ms)
			LoadAssemblies (244ms)
			RebuildTransferFunctionScriptingTraits (0ms)
			SetupTypeCache (872ms)
			ReleaseScriptCaches (2ms)
			RebuildScriptCaches (101ms)
			SetupLoadedEditorAssemblies (857ms)
				LogAssemblyErrors (0ms)
				InitializePlatformSupportModulesInManaged (27ms)
				SetLoadedEditorAssemblies (1ms)
				RefreshPlugins (1ms)
				BeforeProcessingInitializeOnLoad (265ms)
				ProcessInitializeOnLoadAttributes (535ms)
				ProcessInitializeOnLoadMethodAttributes (14ms)
				AfterProcessingInitializeOnLoad (13ms)
				EditorAssembliesLoaded (0ms)
			ExecutionOrderSort2 (0ms)
			AwakeInstancesAfterBackupRestoration (30ms)
Platform modules already initialized, skipping
Refreshing native plugins compatible for Editor in 0.81 ms, found 3 plugins.
Preloading 0 native plugins for Editor in 0.00 ms.
Unloading 2084 Unused Serialized files (Serialized files now loaded: 0)
System memory in use before: 95.7 MB.
System memory in use after: 95.8 MB.

Unloading 14 unused Assets to reduce memory usage. Loaded Objects now: 2564.
Total: 7.419200 ms (FindLiveObjects: 0.365100 ms CreateObjectMapping: 0.158500 ms MarkObjects: 6.854800 ms  DeleteObjects: 0.037900 ms)

AssetImportParameters requested are different than current active one (requested -> active):
  custom:framework-win-MediaFoundation: 216162199b28c13a410421893ffa2e32 -> 
  custom:video-decoder-ogg-theora: a1e56fd34408186e4bbccfd4996cb3dc -> 
  custom:container-muxer-webm: aa71ff27fc2769a1b78a27578f13a17b -> 
  custom:container-demuxer-webm: 4f35f7cbe854078d1ac9338744f61a02 -> 
  custom:container-demuxer-ogg: 62fdf1f143b41e24485cea50d1cbac27 -> 
  custom:video-encoder-webm-vp8: eb34c28f22e8b96e1ab97ce403110664 -> 
  custom:video-decoder-webm-vp8: 9c59270c3fd7afecdb556c50c9e8de78 -> 
  custom:audio-decoder-ogg-vorbis: bf7c407c2cedff20999df2af8eb42d56 -> 
  custom:audio-encoder-webm-vorbis: bf7c407c2cedff20999df2af8eb42d56 -> 
========================================================================
Received Import Request.
  Time since last request: 131.312042 seconds.
  path: Assets/Scripts/Cell.cs
  artifactKey: Guid(97fca81be8b0ccd4bbe94086f1c92202) Importer(815301076,1909f56bfc062723c751e8b465ee728b)
Start importing Assets/Scripts/Cell.cs using Guid(97fca81be8b0ccd4bbe94086f1c92202) Importer(815301076,1909f56bfc062723c751e8b465ee728b)  -> (artifact id: 'fd406ab949ead263b2c5366bdd524bc0') in 0.026049 seconds 
  Import took 0.040059 seconds .

========================================================================
Received Prepare
Registering precompiled user dll's ...
Registered in 0.013483 seconds.
Begin MonoManager ReloadAssembly
Native extension for WindowsStandalone target not found
Refreshing native plugins compatible for Editor in 0.93 ms, found 3 plugins.
Preloading 0 native plugins for Editor in 0.00 ms.
Mono: successfully reloaded assembly
- Completed reload, in  2.874 seconds
Domain Reload Profiling:
	ReloadAssembly (2875ms)
		BeginReloadAssembly (285ms)
			ExecutionOrderSort (0ms)
			DisableScriptedObjects (17ms)
			BackupInstance (0ms)
			ReleaseScriptingObjects (0ms)
			CreateAndSetChildDomain (82ms)
		EndReloadAssembly (2419ms)
			LoadAssemblies (252ms)
			RebuildTransferFunctionScriptingTraits (0ms)
			SetupTypeCache (878ms)
			ReleaseScriptCaches (2ms)
			RebuildScriptCaches (107ms)
			SetupLoadedEditorAssemblies (889ms)
				LogAssemblyErrors (0ms)
				InitializePlatformSupportModulesInManaged (15ms)
				SetLoadedEditorAssemblies (1ms)
				RefreshPlugins (1ms)
				BeforeProcessingInitializeOnLoad (249ms)
				ProcessInitializeOnLoadAttributes (594ms)
				ProcessInitializeOnLoadMethodAttributes (13ms)
				AfterProcessingInitializeOnLoad (15ms)
				EditorAssembliesLoaded (0ms)
			ExecutionOrderSort2 (0ms)
			AwakeInstancesAfterBackupRestoration (27ms)
Platform modules already initialized, skipping
Refreshing native plugins compatible for Editor in 0.94 ms, found 3 plugins.
Preloading 0 native plugins for Editor in 0.00 ms.
Unloading 2085 Unused Serialized files (Serialized files now loaded: 0)
System memory in use before: 95.7 MB.
System memory in use after: 95.8 MB.

Unloading 14 unused Assets to reduce memory usage. Loaded Objects now: 2568.
Total: 6.810400 ms (FindLiveObjects: 0.353700 ms CreateObjectMapping: 0.145500 ms MarkObjects: 6.182900 ms  DeleteObjects: 0.123200 ms)

AssetImportParameters requested are different than current active one (requested -> active):
  custom:framework-win-MediaFoundation: 216162199b28c13a410421893ffa2e32 -> 
  custom:video-decoder-ogg-theora: a1e56fd34408186e4bbccfd4996cb3dc -> 
  custom:container-muxer-webm: aa71ff27fc2769a1b78a27578f13a17b -> 
  custom:container-demuxer-webm: 4f35f7cbe854078d1ac9338744f61a02 -> 
  custom:container-demuxer-ogg: 62fdf1f143b41e24485cea50d1cbac27 -> 
  custom:video-encoder-webm-vp8: eb34c28f22e8b96e1ab97ce403110664 -> 
  custom:video-decoder-webm-vp8: 9c59270c3fd7afecdb556c50c9e8de78 -> 
  custom:audio-decoder-ogg-vorbis: bf7c407c2cedff20999df2af8eb42d56 -> 
  custom:audio-encoder-webm-vorbis: bf7c407c2cedff20999df2af8eb42d56 -> 
========================================================================
Received Import Request.
  Time since last request: 84.834277 seconds.
  path: Assets/Scripts/Cell.cs
  artifactKey: Guid(97fca81be8b0ccd4bbe94086f1c92202) Importer(815301076,1909f56bfc062723c751e8b465ee728b)
Start importing Assets/Scripts/Cell.cs using Guid(97fca81be8b0ccd4bbe94086f1c92202) Importer(815301076,1909f56bfc062723c751e8b465ee728b)  -> (artifact id: 'f3f956b48ea82b59aa9183aa0a582275') in 0.010903 seconds 
  Import took 0.019002 seconds .

========================================================================
Received Import Request.
  Time since last request: 3.164265 seconds.
  path: Assets/Scripts/Cell.cs
  artifactKey: Guid(97fca81be8b0ccd4bbe94086f1c92202) Importer(815301076,1909f56bfc062723c751e8b465ee728b)
Start importing Assets/Scripts/Cell.cs using Guid(97fca81be8b0ccd4bbe94086f1c92202) Importer(815301076,1909f56bfc062723c751e8b465ee728b)  -> (artifact id: '43783cc0c93377d1ea38816fb0cb482d') in 0.003230 seconds 
  Import took 0.006590 seconds .

========================================================================
Received Import Request.
  Time since last request: 11.704678 seconds.
  path: Assets/Scripts/Cell.cs
  artifactKey: Guid(97fca81be8b0ccd4bbe94086f1c92202) Importer(815301076,1909f56bfc062723c751e8b465ee728b)
Start importing Assets/Scripts/Cell.cs using Guid(97fca81be8b0ccd4bbe94086f1c92202) Importer(815301076,1909f56bfc062723c751e8b465ee728b)  -> (artifact id: '855ccd72869e8ad449a9bde6545314ce') in 0.002867 seconds 
  Import took 0.007800 seconds .

========================================================================
Received Import Request.
  Time since last request: 8.683179 seconds.
  path: Assets/Scripts/Cell.cs
  artifactKey: Guid(97fca81be8b0ccd4bbe94086f1c92202) Importer(815301076,1909f56bfc062723c751e8b465ee728b)
Start importing Assets/Scripts/Cell.cs using Guid(97fca81be8b0ccd4bbe94086f1c92202) Importer(815301076,1909f56bfc062723c751e8b465ee728b)  -> (artifact id: 'c9173d2386420a2e357b583fb1e4a0a6') in 0.003490 seconds 
  Import took 0.008554 seconds .

========================================================================
Received Import Request.
  Time since last request: 9.895455 seconds.
  path: Assets/Scripts/Cell.cs
  artifactKey: Guid(97fca81be8b0ccd4bbe94086f1c92202) Importer(815301076,1909f56bfc062723c751e8b465ee728b)
Start importing Assets/Scripts/Cell.cs using Guid(97fca81be8b0ccd4bbe94086f1c92202) Importer(815301076,1909f56bfc062723c751e8b465ee728b)  -> (artifact id: '6400137c2077e70173be4f87533da974') in 0.002965 seconds 
  Import took 0.006823 seconds .

========================================================================
Received Import Request.
  Time since last request: 18.401971 seconds.
  path: Assets/Scripts/Cell.cs
  artifactKey: Guid(97fca81be8b0ccd4bbe94086f1c92202) Importer(815301076,1909f56bfc062723c751e8b465ee728b)
Start importing Assets/Scripts/Cell.cs using Guid(97fca81be8b0ccd4bbe94086f1c92202) Importer(815301076,1909f56bfc062723c751e8b465ee728b)  -> (artifact id: 'a115df281022e46d413b57efa4ba3d45') in 0.002858 seconds 
  Import took 0.006384 seconds .

========================================================================
Received Import Request.
  Time since last request: 473.226179 seconds.
  path: Assets/Scripts/Cell.cs
  artifactKey: Guid(97fca81be8b0ccd4bbe94086f1c92202) Importer(815301076,1909f56bfc062723c751e8b465ee728b)
Start importing Assets/Scripts/Cell.cs using Guid(97fca81be8b0ccd4bbe94086f1c92202) Importer(815301076,1909f56bfc062723c751e8b465ee728b)  -> (artifact id: '979a16ed7c79b2ba2059b788dca0742b') in 0.011553 seconds 
  Import took 0.022517 seconds .

========================================================================
Received Import Request.
  Time since last request: 15.857602 seconds.
  path: Assets/Scripts/Cell.cs
  artifactKey: Guid(97fca81be8b0ccd4bbe94086f1c92202) Importer(815301076,1909f56bfc062723c751e8b465ee728b)
Start importing Assets/Scripts/Cell.cs using Guid(97fca81be8b0ccd4bbe94086f1c92202) Importer(815301076,1909f56bfc062723c751e8b465ee728b)  -> (artifact id: 'fa3b2ed831305269522aa535e55ffc68') in 0.002773 seconds 
  Import took 0.007293 seconds .

========================================================================
Received Import Request.
  Time since last request: 88.995212 seconds.
  path: Assets/Scripts/Cell.cs
  artifactKey: Guid(97fca81be8b0ccd4bbe94086f1c92202) Importer(815301076,1909f56bfc062723c751e8b465ee728b)
Start importing Assets/Scripts/Cell.cs using Guid(97fca81be8b0ccd4bbe94086f1c92202) Importer(815301076,1909f56bfc062723c751e8b465ee728b)  -> (artifact id: 'dc55091fda47d86824fe7848ab137112') in 0.003207 seconds 
  Import took 0.007285 seconds .

========================================================================
Received Import Request.
  Time since last request: 6.098514 seconds.
  path: Assets/Scripts/Cell.cs
  artifactKey: Guid(97fca81be8b0ccd4bbe94086f1c92202) Importer(815301076,1909f56bfc062723c751e8b465ee728b)
Start importing Assets/Scripts/Cell.cs using Guid(97fca81be8b0ccd4bbe94086f1c92202) Importer(815301076,1909f56bfc062723c751e8b465ee728b)  -> (artifact id: '0800ed775e102cfca62447854524abdb') in 0.003137 seconds 
  Import took 0.009283 seconds .

========================================================================
Received Import Request.
  Time since last request: 121.972601 seconds.
  path: Assets/Scripts/Cell.cs
  artifactKey: Guid(97fca81be8b0ccd4bbe94086f1c92202) Importer(815301076,1909f56bfc062723c751e8b465ee728b)
Start importing Assets/Scripts/Cell.cs using Guid(97fca81be8b0ccd4bbe94086f1c92202) Importer(815301076,1909f56bfc062723c751e8b465ee728b)  -> (artifact id: 'c77607af72cff6ec85f5d35e1651af3c') in 0.006557 seconds 
  Import took 0.011545 seconds .

========================================================================
Received Import Request.
  Time since last request: 76.673705 seconds.
  path: Assets/Scripts/Cell.cs
  artifactKey: Guid(97fca81be8b0ccd4bbe94086f1c92202) Importer(815301076,1909f56bfc062723c751e8b465ee728b)
Start importing Assets/Scripts/Cell.cs using Guid(97fca81be8b0ccd4bbe94086f1c92202) Importer(815301076,1909f56bfc062723c751e8b465ee728b)  -> (artifact id: 'f34bb445a1945a3826f2a8279ca7b232') in 0.004317 seconds 
  Import took 0.009684 seconds .

========================================================================
Received Import Request.
  Time since last request: 2.091540 seconds.
  path: Assets/Scripts/Cell.cs
  artifactKey: Guid(97fca81be8b0ccd4bbe94086f1c92202) Importer(815301076,1909f56bfc062723c751e8b465ee728b)
Start importing Assets/Scripts/Cell.cs using Guid(97fca81be8b0ccd4bbe94086f1c92202) Importer(815301076,1909f56bfc062723c751e8b465ee728b)  -> (artifact id: '329be322e7511d2be092a1addbb83ffc') in 0.006706 seconds 
  Import took 0.012847 seconds .

========================================================================
Received Prepare
Registering precompiled user dll's ...
Registered in 0.010353 seconds.
Begin MonoManager ReloadAssembly
Native extension for WindowsStandalone target not found
Refreshing native plugins compatible for Editor in 0.60 ms, found 3 plugins.
Preloading 0 native plugins for Editor in 0.00 ms.
Mono: successfully reloaded assembly
- Completed reload, in  1.921 seconds
Domain Reload Profiling:
	ReloadAssembly (1922ms)
		BeginReloadAssembly (257ms)
			ExecutionOrderSort (0ms)
			DisableScriptedObjects (22ms)
			BackupInstance (0ms)
			ReleaseScriptingObjects (0ms)
			CreateAndSetChildDomain (105ms)
		EndReloadAssembly (1544ms)
			LoadAssemblies (179ms)
			RebuildTransferFunctionScriptingTraits (0ms)
			SetupTypeCache (527ms)
			ReleaseScriptCaches (3ms)
			RebuildScriptCaches (116ms)
			SetupLoadedEditorAssemblies (533ms)
				LogAssemblyErrors (0ms)
				InitializePlatformSupportModulesInManaged (7ms)
				SetLoadedEditorAssemblies (1ms)
				RefreshPlugins (1ms)
				BeforeProcessingInitializeOnLoad (140ms)
				ProcessInitializeOnLoadAttributes (365ms)
				ProcessInitializeOnLoadMethodAttributes (10ms)
				AfterProcessingInitializeOnLoad (9ms)
				EditorAssembliesLoaded (0ms)
			ExecutionOrderSort2 (0ms)
			AwakeInstancesAfterBackupRestoration (16ms)
Platform modules already initialized, skipping
Refreshing native plugins compatible for Editor in 0.54 ms, found 3 plugins.
Preloading 0 native plugins for Editor in 0.00 ms.
Unloading 2085 Unused Serialized files (Serialized files now loaded: 0)
System memory in use before: 95.7 MB.
System memory in use after: 95.8 MB.

Unloading 14 unused Assets to reduce memory usage. Loaded Objects now: 2571.
Total: 4.052600 ms (FindLiveObjects: 0.235000 ms CreateObjectMapping: 0.087900 ms MarkObjects: 3.586700 ms  DeleteObjects: 0.142000 ms)

AssetImportParameters requested are different than current active one (requested -> active):
  custom:framework-win-MediaFoundation: 216162199b28c13a410421893ffa2e32 -> 
  custom:video-decoder-ogg-theora: a1e56fd34408186e4bbccfd4996cb3dc -> 
  custom:container-muxer-webm: aa71ff27fc2769a1b78a27578f13a17b -> 
  custom:container-demuxer-webm: 4f35f7cbe854078d1ac9338744f61a02 -> 
  custom:container-demuxer-ogg: 62fdf1f143b41e24485cea50d1cbac27 -> 
  custom:video-encoder-webm-vp8: eb34c28f22e8b96e1ab97ce403110664 -> 
  custom:video-decoder-webm-vp8: 9c59270c3fd7afecdb556c50c9e8de78 -> 
  custom:audio-decoder-ogg-vorbis: bf7c407c2cedff20999df2af8eb42d56 -> 
  custom:audio-encoder-webm-vorbis: bf7c407c2cedff20999df2af8eb42d56 -> 
AssetImportWorkerClient::OnTransportError - code=2 error=End of file
